<?xml version="1.0" encoding="UTF-8"?>
<!-- Generated by org.testng.reporters.JUnitReportReporter -->
<testsuite hostname="ZiohzoizIrta-PC" name="Pruebas.TestUnit" tests="1" failures="0" timestamp="15 Jan 2018 03:47:13 GMT" time="95.821" errors="0">
  <testcase name="Main" time="95.821" classname="Pruebas.TestUnit"/>
</testsuite> <!-- Pruebas.TestUnit -->
